<?xml version="1.0" encoding="UTF-8"?>
<!-- Generated by org.testng.reporters.JUnitReportReporter -->
<testsuite hostname="DESKTOP-DPMMA68" name="CSV.Csv2Test" tests="1" failures="0" timestamp="12 Apr 2022 07:06:22 GMT" time="95.619" errors="0">
  <testcase name="locatorsTestingBlog" time="95.619" classname="CSV.Csv2Test"/>
</testsuite> <!-- CSV.Csv2Test -->
